<?xml version="1.0" encoding="UTF-8" ?>
<testsuite failures="0" time="6.61" errors="0" skipped="0" tests="2" name="TestSuite">
  <properties>
    <property name="java.runtime.name" value="Java(TM) SE Runtime Environment"/>
    <property name="sun.boot.library.path" value="C:\Program Files\Java\jdk1.6.0_10\jre\bin"/>
    <property name="java.vm.version" value="11.0-b15"/>
    <property name="java.vm.vendor" value="Sun Microsystems Inc."/>
    <property name="java.vendor.url" value="http://java.sun.com/"/>
    <property name="path.separator" value=";"/>
    <property name="java.vm.name" value="Java HotSpot(TM) Client VM"/>
    <property name="file.encoding.pkg" value="sun.io"/>
    <property name="user.country" value="CN"/>
    <property name="sun.java.launcher" value="SUN_STANDARD"/>
    <property name="sun.os.patch.level" value="Service Pack 2"/>
    <property name="java.vm.specification.name" value="Java Virtual Machine Specification"/>
    <property name="user.dir" value="E:\ReaderSide\core"/>
    <property name="java.runtime.version" value="1.6.0_10-b33"/>
    <property name="java.awt.graphicsenv" value="sun.awt.Win32GraphicsEnvironment"/>
    <property name="basedir" value="E:\ReaderSide\core"/>
    <property name="java.endorsed.dirs" value="C:\Program Files\Java\jdk1.6.0_10\jre\lib\endorsed"/>
    <property name="os.arch" value="x86"/>
    <property name="surefire.real.class.path" value="C:\DOCUME~1\ADMINI~2\LOCALS~1\Temp\surefirebooter39910.jar"/>
    <property name="java.io.tmpdir" value="C:\DOCUME~1\ADMINI~2\LOCALS~1\Temp\"/>
    <property name="line.separator" value="
"/>
    <property name="java.vm.specification.vendor" value="Sun Microsystems Inc."/>
    <property name="user.variant" value=""/>
    <property name="os.name" value="Windows XP"/>
    <property name="sun.jnu.encoding" value="GB18030"/>
    <property name="java.library.path" value="C:\Program Files\Java\jdk1.6.0_10\jre\bin;.;C:\WINDOWS\Sun\Java\bin;C:\WINDOWS\system32;C:\WINDOWS;C:\Program Files\PC Connectivity Solution\;C:\WINDOWS\system32;C:\WINDOWS;C:\WINDOWS\System32\Wbem;&quot;C:\Program Files\Symantec\Norton Ghost 2003\&quot;;C:\Program Files\TortoiseSVN\bin;C:\Program Files\Common Files\Thunder Network\KanKan\Codecs;c:\Program Files\Microsoft SQL Server\100\Tools\Binn\;c:\Program Files\Microsoft SQL Server\100\DTS\Binn\;C:\Program Files\Java\jdk1.6.0_10\bin;E:\java-tools\apache-maven-2.1.0\bin;E:\java-tools\apache-ant-1.6.5-ivy2-outfox\bin;C:\Program Files\OpenVPN\bin;C:\Program Files\Google\google_appengine\"/>
    <property name="surefire.test.class.path" value="E:\ReaderSide\core\target\test-classes;E:\ReaderSide\core\target\classes;C:\Documents and Settings\Administrator\.m2\repository\mysql\mysql-connector-java\5.1.6\mysql-connector-java-5.1.6.jar;C:\Documents and Settings\Administrator\.m2\repository\org\hibernate\hibernate-core\3.3.1.GA\hibernate-core-3.3.1.GA.jar;C:\Documents and Settings\Administrator\.m2\repository\antlr\antlr\2.7.7\antlr-2.7.7.jar;C:\Documents and Settings\Administrator\.m2\repository\commons-collections\commons-collections\3.1\commons-collections-3.1.jar;C:\Documents and Settings\Administrator\.m2\repository\dom4j\dom4j\1.6.1\dom4j-1.6.1.jar;C:\Documents and Settings\Administrator\.m2\repository\xml-apis\xml-apis\1.3.02\xml-apis-1.3.02.jar;C:\Documents and Settings\Administrator\.m2\repository\javax\transaction\jta\1.1\jta-1.1.jar;C:\Documents and Settings\Administrator\.m2\repository\org\slf4j\slf4j-api\1.5.2\slf4j-api-1.5.2.jar;C:\Documents and Settings\Administrator\.m2\repository\org\hibernate\hibernate-ehcache\3.3.1.GA\hibernate-ehcache-3.3.1.GA.jar;C:\Documents and Settings\Administrator\.m2\repository\net\sf\ehcache\ehcache\1.6.2\ehcache-1.6.2.jar;C:\Documents and Settings\Administrator\.m2\repository\org\hibernate\hibernate-commons-annotations\3.3.0.ga\hibernate-commons-annotations-3.3.0.ga.jar;C:\Documents and Settings\Administrator\.m2\repository\org\hibernate\hibernate\3.2.1.ga\hibernate-3.2.1.ga.jar;C:\Documents and Settings\Administrator\.m2\repository\asm\asm-attrs\1.5.3\asm-attrs-1.5.3.jar;C:\Documents and Settings\Administrator\.m2\repository\cglib\cglib\2.1_3\cglib-2.1_3.jar;C:\Documents and Settings\Administrator\.m2\repository\asm\asm\2.2.3\asm-2.2.3.jar;C:\Documents and Settings\Administrator\.m2\repository\javax\persistence\persistence-api\1.0\persistence-api-1.0.jar;C:\Documents and Settings\Administrator\.m2\repository\org\hibernate\hibernate-annotations\3.4.0.GA\hibernate-annotations-3.4.0.GA.jar;C:\Documents and Settings\Administrator\.m2\repository\org\hibernate\ejb3-persistence\1.0.2.GA\ejb3-persistence-1.0.2.GA.jar;C:\Documents and Settings\Administrator\.m2\repository\org\hibernate\hibernate-validator\4.0.0.GA\hibernate-validator-4.0.0.GA.jar;C:\Documents and Settings\Administrator\.m2\repository\javax\validation\validation-api\1.0.CR5\validation-api-1.0.CR5.jar;C:\Documents and Settings\Administrator\.m2\repository\javax\xml\bind\jaxb-api\2.1\jaxb-api-2.1.jar;C:\Documents and Settings\Administrator\.m2\repository\javax\xml\stream\stax-api\1.0-2\stax-api-1.0-2.jar;C:\Documents and Settings\Administrator\.m2\repository\javax\activation\activation\1.1\activation-1.1.jar;C:\Documents and Settings\Administrator\.m2\repository\com\sun\xml\bind\jaxb-impl\2.1.3\jaxb-impl-2.1.3.jar;C:\Documents and Settings\Administrator\.m2\repository\sleepycat\je\3.2.43\je-3.2.43.jar;C:\Documents and Settings\Administrator\.m2\repository\org\testng\testng\5.8\testng-5.8-jdk15.jar;C:\Documents and Settings\Administrator\.m2\repository\junit\junit\3.8.1\junit-3.8.1.jar;C:\Documents and Settings\Administrator\.m2\repository\commons-lang\commons-lang\2.4\commons-lang-2.4.jar;C:\Documents and Settings\Administrator\.m2\repository\commons-dbcp\commons-dbcp\1.2.2\commons-dbcp-1.2.2.jar;C:\Documents and Settings\Administrator\.m2\repository\commons-pool\commons-pool\1.3\commons-pool-1.3.jar;C:\Documents and Settings\Administrator\.m2\repository\commons-codec\commons-codec\1.3\commons-codec-1.3.jar;C:\Documents and Settings\Administrator\.m2\repository\commons-io\commons-io\1.4\commons-io-1.4.jar;C:\Documents and Settings\Administrator\.m2\repository\log4j\log4j\1.2.13\log4j-1.2.13.jar;C:\Documents and Settings\Administrator\.m2\repository\org\slf4j\slf4j-log4j12\1.4.2\slf4j-log4j12-1.4.2.jar;C:\Documents and Settings\Administrator\.m2\repository\com\google\collections\google-collections\1.0-rc3\google-collections-1.0-rc3.jar;C:\Documents and Settings\Administrator\.m2\repository\com\google\code\gson\gson\1.3\gson-1.3.jar;C:\Documents and Settings\Administrator\.m2\repository\org\apache\lucene\lucene-core\2.9.0\lucene-core-2.9.0.jar;C:\Documents and Settings\Administrator\.m2\repository\joda-time\joda-time\1.6\joda-time-1.6.jar;C:\Documents and Settings\Administrator\.m2\repository\jaxen\jaxen\1.1\jaxen-1.1.jar;C:\Documents and Settings\Administrator\.m2\repository\jdom\jdom\1.0\jdom-1.0.jar;C:\Documents and Settings\Administrator\.m2\repository\xerces\xercesImpl\2.6.2\xercesImpl-2.6.2.jar;C:\Documents and Settings\Administrator\.m2\repository\xom\xom\1.0\xom-1.0.jar;C:\Documents and Settings\Administrator\.m2\repository\xerces\xmlParserAPIs\2.6.2\xmlParserAPIs-2.6.2.jar;C:\Documents and Settings\Administrator\.m2\repository\xalan\xalan\2.6.0\xalan-2.6.0.jar;C:\Documents and Settings\Administrator\.m2\repository\com\ibm\icu\icu4j\2.6.1\icu4j-2.6.1.jar;C:\Documents and Settings\Administrator\.m2\repository\org\aspectj\com.springsource.org.aspectj.weaver\1.6.2.RELEASE\com.springsource.org.aspectj.weaver-1.6.2.RELEASE.jar;C:\Documents and Settings\Administrator\.m2\repository\org\aspectj\com.springsource.org.aspectj.runtime\1.6.2.RELEASE\com.springsource.org.aspectj.runtime-1.6.2.RELEASE.jar;C:\Documents and Settings\Administrator\.m2\repository\asm\asm-commons\2.2.3\asm-commons-2.2.3.jar;C:\Documents and Settings\Administrator\.m2\repository\asm\asm-tree\2.2.3\asm-tree-2.2.3.jar;C:\Documents and Settings\Administrator\.m2\repository\cglib\cglib-nodep\2.2\cglib-nodep-2.2.jar;C:\Documents and Settings\Administrator\.m2\repository\org\antlr\antlr\3.0.1\antlr-3.0.1.jar;C:\Documents and Settings\Administrator\.m2\repository\org\antlr\stringtemplate\3.1-b1\stringtemplate-3.1-b1.jar;C:\Documents and Settings\Administrator\.m2\repository\javassist\javassist\3.8.1.GA\javassist-3.8.1.GA.jar;C:\Documents and Settings\Administrator\.m2\repository\org\springframework\org.springframework.core\3.0.0.RC2\org.springframework.core-3.0.0.RC2.jar;C:\Documents and Settings\Administrator\.m2\repository\org\apache\commons\com.springsource.org.apache.commons.logging\1.1.1\com.springsource.org.apache.commons.logging-1.1.1.jar;C:\Documents and Settings\Administrator\.m2\repository\org\springframework\org.springframework.web\3.0.0.RC2\org.springframework.web-3.0.0.RC2.jar;C:\Documents and Settings\Administrator\.m2\repository\org\aopalliance\com.springsource.org.aopalliance\1.0.0\com.springsource.org.aopalliance-1.0.0.jar;C:\Documents and Settings\Administrator\.m2\repository\org\springframework\org.springframework.aop\3.0.0.RC2\org.springframework.aop-3.0.0.RC2.jar;C:\Documents and Settings\Administrator\.m2\repository\org\springframework\org.springframework.beans\3.0.0.RC2\org.springframework.beans-3.0.0.RC2.jar;C:\Documents and Settings\Administrator\.m2\repository\org\springframework\org.springframework.asm\3.0.0.RC2\org.springframework.asm-3.0.0.RC2.jar;C:\Documents and Settings\Administrator\.m2\repository\org\springframework\org.springframework.context\3.0.0.RC2\org.springframework.context-3.0.0.RC2.jar;C:\Documents and Settings\Administrator\.m2\repository\org\springframework\org.springframework.expression\3.0.0.RC2\org.springframework.expression-3.0.0.RC2.jar;C:\Documents and Settings\Administrator\.m2\repository\org\springframework\org.springframework.transaction\3.0.0.RC2\org.springframework.transaction-3.0.0.RC2.jar;C:\Documents and Settings\Administrator\.m2\repository\org\springframework\org.springframework.orm\3.0.0.RC2\org.springframework.orm-3.0.0.RC2.jar;C:\Documents and Settings\Administrator\.m2\repository\org\springframework\org.springframework.jdbc\3.0.0.RC2\org.springframework.jdbc-3.0.0.RC2.jar;C:\Documents and Settings\Administrator\.m2\repository\org\springframework\org.springframework.web.servlet\3.0.0.RC2\org.springframework.web.servlet-3.0.0.RC2.jar;C:\Documents and Settings\Administrator\.m2\repository\org\springframework\org.springframework.context.support\3.0.0.RC2\org.springframework.context.support-3.0.0.RC2.jar;C:\Documents and Settings\Administrator\.m2\repository\org\springframework\org.springframework.aspects\3.0.0.RC2\org.springframework.aspects-3.0.0.RC2.jar;C:\Documents and Settings\Administrator\.m2\repository\org\junit\com.springsource.org.junit\4.7.0\com.springsource.org.junit-4.7.0.jar;C:\Documents and Settings\Administrator\.m2\repository\org\springframework\org.springframework.test\3.0.0.RC2\org.springframework.test-3.0.0.RC2.jar;"/>
    <property name="java.specification.name" value="Java Platform API Specification"/>
    <property name="java.class.version" value="50.0"/>
    <property name="sun.management.compiler" value="HotSpot Client Compiler"/>
    <property name="os.version" value="5.1"/>
    <property name="user.home" value="C:\Documents and Settings\Administrator"/>
    <property name="user.timezone" value="Asia/Shanghai"/>
    <property name="java.awt.printerjob" value="sun.awt.windows.WPrinterJob"/>
    <property name="java.specification.version" value="1.6"/>
    <property name="file.encoding" value="GB18030"/>
    <property name="user.name" value="Administrator"/>
    <property name="java.class.path" value="E:\ReaderSide\core\target\test-classes;E:\ReaderSide\core\target\classes;C:\Documents and Settings\Administrator\.m2\repository\mysql\mysql-connector-java\5.1.6\mysql-connector-java-5.1.6.jar;C:\Documents and Settings\Administrator\.m2\repository\org\hibernate\hibernate-core\3.3.1.GA\hibernate-core-3.3.1.GA.jar;C:\Documents and Settings\Administrator\.m2\repository\antlr\antlr\2.7.7\antlr-2.7.7.jar;C:\Documents and Settings\Administrator\.m2\repository\commons-collections\commons-collections\3.1\commons-collections-3.1.jar;C:\Documents and Settings\Administrator\.m2\repository\dom4j\dom4j\1.6.1\dom4j-1.6.1.jar;C:\Documents and Settings\Administrator\.m2\repository\xml-apis\xml-apis\1.3.02\xml-apis-1.3.02.jar;C:\Documents and Settings\Administrator\.m2\repository\javax\transaction\jta\1.1\jta-1.1.jar;C:\Documents and Settings\Administrator\.m2\repository\org\slf4j\slf4j-api\1.5.2\slf4j-api-1.5.2.jar;C:\Documents and Settings\Administrator\.m2\repository\org\hibernate\hibernate-ehcache\3.3.1.GA\hibernate-ehcache-3.3.1.GA.jar;C:\Documents and Settings\Administrator\.m2\repository\net\sf\ehcache\ehcache\1.6.2\ehcache-1.6.2.jar;C:\Documents and Settings\Administrator\.m2\repository\org\hibernate\hibernate-commons-annotations\3.3.0.ga\hibernate-commons-annotations-3.3.0.ga.jar;C:\Documents and Settings\Administrator\.m2\repository\org\hibernate\hibernate\3.2.1.ga\hibernate-3.2.1.ga.jar;C:\Documents and Settings\Administrator\.m2\repository\asm\asm-attrs\1.5.3\asm-attrs-1.5.3.jar;C:\Documents and Settings\Administrator\.m2\repository\cglib\cglib\2.1_3\cglib-2.1_3.jar;C:\Documents and Settings\Administrator\.m2\repository\asm\asm\2.2.3\asm-2.2.3.jar;C:\Documents and Settings\Administrator\.m2\repository\javax\persistence\persistence-api\1.0\persistence-api-1.0.jar;C:\Documents and Settings\Administrator\.m2\repository\org\hibernate\hibernate-annotations\3.4.0.GA\hibernate-annotations-3.4.0.GA.jar;C:\Documents and Settings\Administrator\.m2\repository\org\hibernate\ejb3-persistence\1.0.2.GA\ejb3-persistence-1.0.2.GA.jar;C:\Documents and Settings\Administrator\.m2\repository\org\hibernate\hibernate-validator\4.0.0.GA\hibernate-validator-4.0.0.GA.jar;C:\Documents and Settings\Administrator\.m2\repository\javax\validation\validation-api\1.0.CR5\validation-api-1.0.CR5.jar;C:\Documents and Settings\Administrator\.m2\repository\javax\xml\bind\jaxb-api\2.1\jaxb-api-2.1.jar;C:\Documents and Settings\Administrator\.m2\repository\javax\xml\stream\stax-api\1.0-2\stax-api-1.0-2.jar;C:\Documents and Settings\Administrator\.m2\repository\javax\activation\activation\1.1\activation-1.1.jar;C:\Documents and Settings\Administrator\.m2\repository\com\sun\xml\bind\jaxb-impl\2.1.3\jaxb-impl-2.1.3.jar;C:\Documents and Settings\Administrator\.m2\repository\sleepycat\je\3.2.43\je-3.2.43.jar;C:\Documents and Settings\Administrator\.m2\repository\org\testng\testng\5.8\testng-5.8-jdk15.jar;C:\Documents and Settings\Administrator\.m2\repository\junit\junit\3.8.1\junit-3.8.1.jar;C:\Documents and Settings\Administrator\.m2\repository\commons-lang\commons-lang\2.4\commons-lang-2.4.jar;C:\Documents and Settings\Administrator\.m2\repository\commons-dbcp\commons-dbcp\1.2.2\commons-dbcp-1.2.2.jar;C:\Documents and Settings\Administrator\.m2\repository\commons-pool\commons-pool\1.3\commons-pool-1.3.jar;C:\Documents and Settings\Administrator\.m2\repository\commons-codec\commons-codec\1.3\commons-codec-1.3.jar;C:\Documents and Settings\Administrator\.m2\repository\commons-io\commons-io\1.4\commons-io-1.4.jar;C:\Documents and Settings\Administrator\.m2\repository\log4j\log4j\1.2.13\log4j-1.2.13.jar;C:\Documents and Settings\Administrator\.m2\repository\org\slf4j\slf4j-log4j12\1.4.2\slf4j-log4j12-1.4.2.jar;C:\Documents and Settings\Administrator\.m2\repository\com\google\collections\google-collections\1.0-rc3\google-collections-1.0-rc3.jar;C:\Documents and Settings\Administrator\.m2\repository\com\google\code\gson\gson\1.3\gson-1.3.jar;C:\Documents and Settings\Administrator\.m2\repository\org\apache\lucene\lucene-core\2.9.0\lucene-core-2.9.0.jar;C:\Documents and Settings\Administrator\.m2\repository\joda-time\joda-time\1.6\joda-time-1.6.jar;C:\Documents and Settings\Administrator\.m2\repository\jaxen\jaxen\1.1\jaxen-1.1.jar;C:\Documents and Settings\Administrator\.m2\repository\jdom\jdom\1.0\jdom-1.0.jar;C:\Documents and Settings\Administrator\.m2\repository\xerces\xercesImpl\2.6.2\xercesImpl-2.6.2.jar;C:\Documents and Settings\Administrator\.m2\repository\xom\xom\1.0\xom-1.0.jar;C:\Documents and Settings\Administrator\.m2\repository\xerces\xmlParserAPIs\2.6.2\xmlParserAPIs-2.6.2.jar;C:\Documents and Settings\Administrator\.m2\repository\xalan\xalan\2.6.0\xalan-2.6.0.jar;C:\Documents and Settings\Administrator\.m2\repository\com\ibm\icu\icu4j\2.6.1\icu4j-2.6.1.jar;C:\Documents and Settings\Administrator\.m2\repository\org\aspectj\com.springsource.org.aspectj.weaver\1.6.2.RELEASE\com.springsource.org.aspectj.weaver-1.6.2.RELEASE.jar;C:\Documents and Settings\Administrator\.m2\repository\org\aspectj\com.springsource.org.aspectj.runtime\1.6.2.RELEASE\com.springsource.org.aspectj.runtime-1.6.2.RELEASE.jar;C:\Documents and Settings\Administrator\.m2\repository\asm\asm-commons\2.2.3\asm-commons-2.2.3.jar;C:\Documents and Settings\Administrator\.m2\repository\asm\asm-tree\2.2.3\asm-tree-2.2.3.jar;C:\Documents and Settings\Administrator\.m2\repository\cglib\cglib-nodep\2.2\cglib-nodep-2.2.jar;C:\Documents and Settings\Administrator\.m2\repository\org\antlr\antlr\3.0.1\antlr-3.0.1.jar;C:\Documents and Settings\Administrator\.m2\repository\org\antlr\stringtemplate\3.1-b1\stringtemplate-3.1-b1.jar;C:\Documents and Settings\Administrator\.m2\repository\javassist\javassist\3.8.1.GA\javassist-3.8.1.GA.jar;C:\Documents and Settings\Administrator\.m2\repository\org\springframework\org.springframework.core\3.0.0.RC2\org.springframework.core-3.0.0.RC2.jar;C:\Documents and Settings\Administrator\.m2\repository\org\apache\commons\com.springsource.org.apache.commons.logging\1.1.1\com.springsource.org.apache.commons.logging-1.1.1.jar;C:\Documents and Settings\Administrator\.m2\repository\org\springframework\org.springframework.web\3.0.0.RC2\org.springframework.web-3.0.0.RC2.jar;C:\Documents and Settings\Administrator\.m2\repository\org\aopalliance\com.springsource.org.aopalliance\1.0.0\com.springsource.org.aopalliance-1.0.0.jar;C:\Documents and Settings\Administrator\.m2\repository\org\springframework\org.springframework.aop\3.0.0.RC2\org.springframework.aop-3.0.0.RC2.jar;C:\Documents and Settings\Administrator\.m2\repository\org\springframework\org.springframework.beans\3.0.0.RC2\org.springframework.beans-3.0.0.RC2.jar;C:\Documents and Settings\Administrator\.m2\repository\org\springframework\org.springframework.asm\3.0.0.RC2\org.springframework.asm-3.0.0.RC2.jar;C:\Documents and Settings\Administrator\.m2\repository\org\springframework\org.springframework.context\3.0.0.RC2\org.springframework.context-3.0.0.RC2.jar;C:\Documents and Settings\Administrator\.m2\repository\org\springframework\org.springframework.expression\3.0.0.RC2\org.springframework.expression-3.0.0.RC2.jar;C:\Documents and Settings\Administrator\.m2\repository\org\springframework\org.springframework.transaction\3.0.0.RC2\org.springframework.transaction-3.0.0.RC2.jar;C:\Documents and Settings\Administrator\.m2\repository\org\springframework\org.springframework.orm\3.0.0.RC2\org.springframework.orm-3.0.0.RC2.jar;C:\Documents and Settings\Administrator\.m2\repository\org\springframework\org.springframework.jdbc\3.0.0.RC2\org.springframework.jdbc-3.0.0.RC2.jar;C:\Documents and Settings\Administrator\.m2\repository\org\springframework\org.springframework.web.servlet\3.0.0.RC2\org.springframework.web.servlet-3.0.0.RC2.jar;C:\Documents and Settings\Administrator\.m2\repository\org\springframework\org.springframework.context.support\3.0.0.RC2\org.springframework.context.support-3.0.0.RC2.jar;C:\Documents and Settings\Administrator\.m2\repository\org\springframework\org.springframework.aspects\3.0.0.RC2\org.springframework.aspects-3.0.0.RC2.jar;C:\Documents and Settings\Administrator\.m2\repository\org\junit\com.springsource.org.junit\4.7.0\com.springsource.org.junit-4.7.0.jar;C:\Documents and Settings\Administrator\.m2\repository\org\springframework\org.springframework.test\3.0.0.RC2\org.springframework.test-3.0.0.RC2.jar;"/>
    <property name="java.vm.specification.version" value="1.0"/>
    <property name="sun.arch.data.model" value="32"/>
    <property name="java.home" value="C:\Program Files\Java\jdk1.6.0_10\jre"/>
    <property name="java.specification.vendor" value="Sun Microsystems Inc."/>
    <property name="user.language" value="zh"/>
    <property name="awt.toolkit" value="sun.awt.windows.WToolkit"/>
    <property name="java.vm.info" value="mixed mode, sharing"/>
    <property name="java.version" value="1.6.0_10"/>
    <property name="java.ext.dirs" value="C:\Program Files\Java\jdk1.6.0_10\jre\lib\ext;C:\WINDOWS\Sun\Java\lib\ext"/>
    <property name="sun.boot.class.path" value="C:\Program Files\Java\jdk1.6.0_10\jre\lib\resources.jar;C:\Program Files\Java\jdk1.6.0_10\jre\lib\rt.jar;C:\Program Files\Java\jdk1.6.0_10\jre\lib\sunrsasign.jar;C:\Program Files\Java\jdk1.6.0_10\jre\lib\jsse.jar;C:\Program Files\Java\jdk1.6.0_10\jre\lib\jce.jar;C:\Program Files\Java\jdk1.6.0_10\jre\lib\charsets.jar;C:\Program Files\Java\jdk1.6.0_10\jre\classes"/>
    <property name="java.vendor" value="Sun Microsystems Inc."/>
    <property name="localRepository" value="C:\Documents and Settings\Administrator\.m2\repository"/>
    <property name="file.separator" value="\"/>
    <property name="java.vendor.url.bug" value="http://java.sun.com/cgi-bin/bugreport.cgi"/>
    <property name="sun.cpu.endian" value="little"/>
    <property name="sun.io.unicode.encoding" value="UnicodeLittle"/>
    <property name="sun.desktop" value="windows"/>
    <property name="sun.cpu.isalist" value=""/>
  </properties>
  <testcase time="0.235" classname="readerside.test.dao.GrUserDaoTest" name="testSaveUser"/>
  <testcase time="0.016" classname="readerside.test.model.TestGrEntry" name="doTest"/>
</testsuite>